/home1/05215/tg845149/cse6230ex5
c455-001.stampede2.tacc.utexas.edu
Sat Oct 14 00:05:40 CDT 2017
mpicc  -g -Wall -O3 -c -o ex05.o ex05.c
mpicc -o ex05 ex05.o 
ibrun tacc_affinity ./ex05 #/home1/05215/tg845149/cse6230ex5/ex05
TACC:  Starting up job 334161 
TACC:  Starting parallel tasks... 
MPI Version: 3.1
Intel(R) MPI Library 2017 Update 3 for Linux* OS

MPI # Procs: 272
MPI Wtime 1.50796e+09, precision 1e-06
MPI Wtime is global
MPI proc 0 host: c455-001.stampede2.tacc.utexas.edu
MPI proc 1 host: c455-001.stampede2.tacc.utexas.edu
MPI proc 2 host: c455-001.stampede2.tacc.utexas.edu
MPI proc 3 host: c455-001.stampede2.tacc.utexas.edu
MPI proc 4 host: c455-001.stampede2.tacc.utexas.edu
MPI proc 5 host: c455-001.stampede2.tacc.utexas.edu
MPI proc 6 host: c455-001.stampede2.tacc.utexas.edu
MPI proc 7 host: c455-001.stampede2.tacc.utexas.edu
MPI proc 8 host: c455-001.stampede2.tacc.utexas.edu
MPI proc 9 host: c455-001.stampede2.tacc.utexas.edu
MPI proc 10 host: c455-001.stampede2.tacc.utexas.edu
MPI proc 11 host: c455-001.stampede2.tacc.utexas.edu
MPI proc 12 host: c455-001.stampede2.tacc.utexas.edu
MPI proc 13 host: c455-001.stampede2.tacc.utexas.edu
MPI proc 14 host: c455-001.stampede2.tacc.utexas.edu
MPI proc 15 host: c455-001.stampede2.tacc.utexas.edu
MPI proc 16 host: c455-001.stampede2.tacc.utexas.edu
MPI proc 17 host: c455-001.stampede2.tacc.utexas.edu
MPI proc 18 host: c455-001.stampede2.tacc.utexas.edu
MPI proc 19 host: c455-001.stampede2.tacc.utexas.edu
MPI proc 20 host: c455-001.stampede2.tacc.utexas.edu
MPI proc 21 host: c455-001.stampede2.tacc.utexas.edu
MPI proc 22 host: c455-001.stampede2.tacc.utexas.edu
MPI proc 23 host: c455-001.stampede2.tacc.utexas.edu
MPI proc 24 host: c455-001.stampede2.tacc.utexas.edu
MPI proc 25 host: c455-001.stampede2.tacc.utexas.edu
MPI proc 26 host: c455-001.stampede2.tacc.utexas.edu
MPI proc 27 host: c455-001.stampede2.tacc.utexas.edu
MPI proc 28 host: c455-001.stampede2.tacc.utexas.edu
MPI proc 29 host: c455-001.stampede2.tacc.utexas.edu
MPI proc 30 host: c455-001.stampede2.tacc.utexas.edu
MPI proc 31 host: c455-001.stampede2.tacc.utexas.edu
MPI proc 32 host: c455-001.stampede2.tacc.utexas.edu
MPI proc 33 host: c455-001.stampede2.tacc.utexas.edu
MPI proc 34 host: c455-001.stampede2.tacc.utexas.edu
MPI proc 35 host: c455-001.stampede2.tacc.utexas.edu
MPI proc 36 host: c455-001.stampede2.tacc.utexas.edu
MPI proc 37 host: c455-001.stampede2.tacc.utexas.edu
MPI proc 38 host: c455-001.stampede2.tacc.utexas.edu
MPI proc 39 host: c455-001.stampede2.tacc.utexas.edu
MPI proc 40 host: c455-001.stampede2.tacc.utexas.edu
MPI proc 41 host: c455-001.stampede2.tacc.utexas.edu
MPI proc 42 host: c455-001.stampede2.tacc.utexas.edu
MPI proc 43 host: c455-001.stampede2.tacc.utexas.edu
MPI proc 44 host: c455-001.stampede2.tacc.utexas.edu
MPI proc 45 host: c455-001.stampede2.tacc.utexas.edu
MPI proc 46 host: c455-001.stampede2.tacc.utexas.edu
MPI proc 47 host: c455-001.stampede2.tacc.utexas.edu
MPI proc 48 host: c455-001.stampede2.tacc.utexas.edu
MPI proc 49 host: c455-001.stampede2.tacc.utexas.edu
MPI proc 50 host: c455-001.stampede2.tacc.utexas.edu
MPI proc 51 host: c455-001.stampede2.tacc.utexas.edu
MPI proc 52 host: c455-001.stampede2.tacc.utexas.edu
MPI proc 53 host: c455-001.stampede2.tacc.utexas.edu
MPI proc 54 host: c455-001.stampede2.tacc.utexas.edu
MPI proc 55 host: c455-001.stampede2.tacc.utexas.edu
MPI proc 56 host: c455-001.stampede2.tacc.utexas.edu
MPI proc 57 host: c455-001.stampede2.tacc.utexas.edu
MPI proc 58 host: c455-001.stampede2.tacc.utexas.edu
MPI proc 59 host: c455-001.stampede2.tacc.utexas.edu
MPI proc 60 host: c455-001.stampede2.tacc.utexas.edu
MPI proc 61 host: c455-001.stampede2.tacc.utexas.edu
MPI proc 62 host: c455-001.stampede2.tacc.utexas.edu
MPI proc 63 host: c455-001.stampede2.tacc.utexas.edu
MPI proc 64 host: c455-001.stampede2.tacc.utexas.edu
MPI proc 65 host: c455-001.stampede2.tacc.utexas.edu
MPI proc 66 host: c455-001.stampede2.tacc.utexas.edu
MPI proc 67 host: c455-001.stampede2.tacc.utexas.edu
MPI proc 68 host: c455-001.stampede2.tacc.utexas.edu
MPI proc 69 host: c455-001.stampede2.tacc.utexas.edu
MPI proc 70 host: c455-001.stampede2.tacc.utexas.edu
MPI proc 71 host: c455-001.stampede2.tacc.utexas.edu
MPI proc 72 host: c455-001.stampede2.tacc.utexas.edu
MPI proc 73 host: c455-001.stampede2.tacc.utexas.edu
MPI proc 74 host: c455-001.stampede2.tacc.utexas.edu
MPI proc 75 host: c455-001.stampede2.tacc.utexas.edu
MPI proc 76 host: c455-001.stampede2.tacc.utexas.edu
MPI proc 77 host: c455-001.stampede2.tacc.utexas.edu
MPI proc 78 host: c455-001.stampede2.tacc.utexas.edu
MPI proc 79 host: c455-001.stampede2.tacc.utexas.edu
MPI proc 80 host: c455-001.stampede2.tacc.utexas.edu
MPI proc 81 host: c455-001.stampede2.tacc.utexas.edu
MPI proc 82 host: c455-001.stampede2.tacc.utexas.edu
MPI proc 83 host: c455-001.stampede2.tacc.utexas.edu
MPI proc 84 host: c455-001.stampede2.tacc.utexas.edu
MPI proc 85 host: c455-001.stampede2.tacc.utexas.edu
MPI proc 86 host: c455-001.stampede2.tacc.utexas.edu
MPI proc 87 host: c455-001.stampede2.tacc.utexas.edu
MPI proc 88 host: c455-001.stampede2.tacc.utexas.edu
MPI proc 89 host: c455-001.stampede2.tacc.utexas.edu
MPI proc 90 host: c455-001.stampede2.tacc.utexas.edu
MPI proc 91 host: c455-001.stampede2.tacc.utexas.edu
MPI proc 92 host: c455-001.stampede2.tacc.utexas.edu
MPI proc 93 host: c455-001.stampede2.tacc.utexas.edu
MPI proc 94 host: c455-001.stampede2.tacc.utexas.edu
MPI proc 95 host: c455-001.stampede2.tacc.utexas.edu
MPI proc 96 host: c455-001.stampede2.tacc.utexas.edu
MPI proc 97 host: c455-001.stampede2.tacc.utexas.edu
MPI proc 98 host: c455-001.stampede2.tacc.utexas.edu
MPI proc 99 host: c455-001.stampede2.tacc.utexas.edu
MPI proc 100 host: c455-001.stampede2.tacc.utexas.edu
MPI proc 101 host: c455-001.stampede2.tacc.utexas.edu
MPI proc 102 host: c455-001.stampede2.tacc.utexas.edu
MPI proc 103 host: c455-001.stampede2.tacc.utexas.edu
MPI proc 104 host: c455-001.stampede2.tacc.utexas.edu
MPI proc 105 host: c455-001.stampede2.tacc.utexas.edu
MPI proc 106 host: c455-001.stampede2.tacc.utexas.edu
MPI proc 107 host: c455-001.stampede2.tacc.utexas.edu
MPI proc 108 host: c455-001.stampede2.tacc.utexas.edu
MPI proc 109 host: c455-001.stampede2.tacc.utexas.edu
MPI proc 110 host: c455-001.stampede2.tacc.utexas.edu
MPI proc 111 host: c455-001.stampede2.tacc.utexas.edu
MPI proc 112 host: c455-001.stampede2.tacc.utexas.edu
MPI proc 113 host: c455-001.stampede2.tacc.utexas.edu
MPI proc 114 host: c455-001.stampede2.tacc.utexas.edu
MPI proc 115 host: c455-001.stampede2.tacc.utexas.edu
MPI proc 116 host: c455-001.stampede2.tacc.utexas.edu
MPI proc 117 host: c455-001.stampede2.tacc.utexas.edu
MPI proc 118 host: c455-001.stampede2.tacc.utexas.edu
MPI proc 119 host: c455-001.stampede2.tacc.utexas.edu
MPI proc 120 host: c455-001.stampede2.tacc.utexas.edu
MPI proc 121 host: c455-001.stampede2.tacc.utexas.edu
MPI proc 122 host: c455-001.stampede2.tacc.utexas.edu
MPI proc 123 host: c455-001.stampede2.tacc.utexas.edu
MPI proc 124 host: c455-001.stampede2.tacc.utexas.edu
MPI proc 125 host: c455-001.stampede2.tacc.utexas.edu
MPI proc 126 host: c455-001.stampede2.tacc.utexas.edu
MPI proc 127 host: c455-001.stampede2.tacc.utexas.edu
MPI proc 128 host: c455-001.stampede2.tacc.utexas.edu
MPI proc 129 host: c455-001.stampede2.tacc.utexas.edu
MPI proc 130 host: c455-001.stampede2.tacc.utexas.edu
MPI proc 131 host: c455-001.stampede2.tacc.utexas.edu
MPI proc 132 host: c455-001.stampede2.tacc.utexas.edu
MPI proc 133 host: c455-001.stampede2.tacc.utexas.edu
MPI proc 134 host: c455-001.stampede2.tacc.utexas.edu
MPI proc 135 host: c455-001.stampede2.tacc.utexas.edu
MPI proc 136 host: c455-001.stampede2.tacc.utexas.edu
MPI proc 137 host: c455-001.stampede2.tacc.utexas.edu
MPI proc 138 host: c455-001.stampede2.tacc.utexas.edu
MPI proc 139 host: c455-001.stampede2.tacc.utexas.edu
MPI proc 140 host: c455-001.stampede2.tacc.utexas.edu
MPI proc 141 host: c455-001.stampede2.tacc.utexas.edu
MPI proc 142 host: c455-001.stampede2.tacc.utexas.edu
MPI proc 143 host: c455-001.stampede2.tacc.utexas.edu
MPI proc 144 host: c455-001.stampede2.tacc.utexas.edu
MPI proc 145 host: c455-001.stampede2.tacc.utexas.edu
MPI proc 146 host: c455-001.stampede2.tacc.utexas.edu
MPI proc 147 host: c455-001.stampede2.tacc.utexas.edu
MPI proc 148 host: c455-001.stampede2.tacc.utexas.edu
MPI proc 149 host: c455-001.stampede2.tacc.utexas.edu
MPI proc 150 host: c455-001.stampede2.tacc.utexas.edu
MPI proc 151 host: c455-001.stampede2.tacc.utexas.edu
MPI proc 152 host: c455-001.stampede2.tacc.utexas.edu
MPI proc 153 host: c455-001.stampede2.tacc.utexas.edu
MPI proc 154 host: c455-001.stampede2.tacc.utexas.edu
MPI proc 155 host: c455-001.stampede2.tacc.utexas.edu
MPI proc 156 host: c455-001.stampede2.tacc.utexas.edu
MPI proc 157 host: c455-001.stampede2.tacc.utexas.edu
MPI proc 158 host: c455-001.stampede2.tacc.utexas.edu
MPI proc 159 host: c455-001.stampede2.tacc.utexas.edu
MPI proc 160 host: c455-001.stampede2.tacc.utexas.edu
MPI proc 161 host: c455-001.stampede2.tacc.utexas.edu
MPI proc 162 host: c455-001.stampede2.tacc.utexas.edu
MPI proc 163 host: c455-001.stampede2.tacc.utexas.edu
MPI proc 164 host: c455-001.stampede2.tacc.utexas.edu
MPI proc 165 host: c455-001.stampede2.tacc.utexas.edu
MPI proc 166 host: c455-001.stampede2.tacc.utexas.edu
MPI proc 167 host: c455-001.stampede2.tacc.utexas.edu
MPI proc 168 host: c455-001.stampede2.tacc.utexas.edu
MPI proc 169 host: c455-001.stampede2.tacc.utexas.edu
MPI proc 170 host: c455-001.stampede2.tacc.utexas.edu
MPI proc 171 host: c455-001.stampede2.tacc.utexas.edu
MPI proc 172 host: c455-001.stampede2.tacc.utexas.edu
MPI proc 173 host: c455-001.stampede2.tacc.utexas.edu
MPI proc 174 host: c455-001.stampede2.tacc.utexas.edu
MPI proc 175 host: c455-001.stampede2.tacc.utexas.edu
MPI proc 176 host: c455-001.stampede2.tacc.utexas.edu
MPI proc 177 host: c455-001.stampede2.tacc.utexas.edu
MPI proc 178 host: c455-001.stampede2.tacc.utexas.edu
MPI proc 179 host: c455-001.stampede2.tacc.utexas.edu
MPI proc 180 host: c455-001.stampede2.tacc.utexas.edu
MPI proc 181 host: c455-001.stampede2.tacc.utexas.edu
MPI proc 182 host: c455-001.stampede2.tacc.utexas.edu
MPI proc 183 host: c455-001.stampede2.tacc.utexas.edu
MPI proc 184 host: c455-001.stampede2.tacc.utexas.edu
MPI proc 185 host: c455-001.stampede2.tacc.utexas.edu
MPI proc 186 host: c455-001.stampede2.tacc.utexas.edu
MPI proc 187 host: c455-001.stampede2.tacc.utexas.edu
MPI proc 188 host: c455-001.stampede2.tacc.utexas.edu
MPI proc 189 host: c455-001.stampede2.tacc.utexas.edu
MPI proc 190 host: c455-001.stampede2.tacc.utexas.edu
MPI proc 191 host: c455-001.stampede2.tacc.utexas.edu
MPI proc 192 host: c455-001.stampede2.tacc.utexas.edu
MPI proc 193 host: c455-001.stampede2.tacc.utexas.edu
MPI proc 194 host: c455-001.stampede2.tacc.utexas.edu
MPI proc 195 host: c455-001.stampede2.tacc.utexas.edu
MPI proc 196 host: c455-001.stampede2.tacc.utexas.edu
MPI proc 197 host: c455-001.stampede2.tacc.utexas.edu
MPI proc 198 host: c455-001.stampede2.tacc.utexas.edu
MPI proc 199 host: c455-001.stampede2.tacc.utexas.edu
MPI proc 200 host: c455-001.stampede2.tacc.utexas.edu
MPI proc 201 host: c455-001.stampede2.tacc.utexas.edu
MPI proc 202 host: c455-001.stampede2.tacc.utexas.edu
MPI proc 203 host: c455-001.stampede2.tacc.utexas.edu
MPI proc 204 host: c455-001.stampede2.tacc.utexas.edu
MPI proc 205 host: c455-001.stampede2.tacc.utexas.edu
MPI proc 206 host: c455-001.stampede2.tacc.utexas.edu
MPI proc 207 host: c455-001.stampede2.tacc.utexas.edu
MPI proc 208 host: c455-001.stampede2.tacc.utexas.edu
MPI proc 209 host: c455-001.stampede2.tacc.utexas.edu
MPI proc 210 host: c455-001.stampede2.tacc.utexas.edu
MPI proc 211 host: c455-001.stampede2.tacc.utexas.edu
MPI proc 212 host: c455-001.stampede2.tacc.utexas.edu
MPI proc 213 host: c455-001.stampede2.tacc.utexas.edu
MPI proc 214 host: c455-001.stampede2.tacc.utexas.edu
MPI proc 215 host: c455-001.stampede2.tacc.utexas.edu
MPI proc 216 host: c455-001.stampede2.tacc.utexas.edu
MPI proc 217 host: c455-001.stampede2.tacc.utexas.edu
MPI proc 218 host: c455-001.stampede2.tacc.utexas.edu
MPI proc 219 host: c455-001.stampede2.tacc.utexas.edu
MPI proc 220 host: c455-001.stampede2.tacc.utexas.edu
MPI proc 221 host: c455-001.stampede2.tacc.utexas.edu
MPI proc 222 host: c455-001.stampede2.tacc.utexas.edu
MPI proc 223 host: c455-001.stampede2.tacc.utexas.edu
MPI proc 224 host: c455-001.stampede2.tacc.utexas.edu
MPI proc 225 host: c455-001.stampede2.tacc.utexas.edu
MPI proc 226 host: c455-001.stampede2.tacc.utexas.edu
MPI proc 227 host: c455-001.stampede2.tacc.utexas.edu
MPI proc 228 host: c455-001.stampede2.tacc.utexas.edu
MPI proc 229 host: c455-001.stampede2.tacc.utexas.edu
MPI proc 230 host: c455-001.stampede2.tacc.utexas.edu
MPI proc 231 host: c455-001.stampede2.tacc.utexas.edu
MPI proc 232 host: c455-001.stampede2.tacc.utexas.edu
MPI proc 233 host: c455-001.stampede2.tacc.utexas.edu
MPI proc 234 host: c455-001.stampede2.tacc.utexas.edu
MPI proc 235 host: c455-001.stampede2.tacc.utexas.edu
MPI proc 236 host: c455-001.stampede2.tacc.utexas.edu
MPI proc 237 host: c455-001.stampede2.tacc.utexas.edu
MPI proc 238 host: c455-001.stampede2.tacc.utexas.edu
MPI proc 239 host: c455-001.stampede2.tacc.utexas.edu
MPI proc 240 host: c455-001.stampede2.tacc.utexas.edu
MPI proc 241 host: c455-001.stampede2.tacc.utexas.edu
MPI proc 242 host: c455-001.stampede2.tacc.utexas.edu
MPI proc 243 host: c455-001.stampede2.tacc.utexas.edu
MPI proc 244 host: c455-001.stampede2.tacc.utexas.edu
MPI proc 245 host: c455-001.stampede2.tacc.utexas.edu
MPI proc 246 host: c455-001.stampede2.tacc.utexas.edu
MPI proc 247 host: c455-001.stampede2.tacc.utexas.edu
MPI proc 248 host: c455-001.stampede2.tacc.utexas.edu
MPI proc 249 host: c455-001.stampede2.tacc.utexas.edu
MPI proc 250 host: c455-001.stampede2.tacc.utexas.edu
MPI proc 251 host: c455-001.stampede2.tacc.utexas.edu
MPI proc 252 host: c455-001.stampede2.tacc.utexas.edu
MPI proc 253 host: c455-001.stampede2.tacc.utexas.edu
MPI proc 254 host: c455-001.stampede2.tacc.utexas.edu
MPI proc 255 host: c455-001.stampede2.tacc.utexas.edu
MPI proc 256 host: c455-001.stampede2.tacc.utexas.edu
MPI proc 257 host: c455-001.stampede2.tacc.utexas.edu
MPI proc 258 host: c455-001.stampede2.tacc.utexas.edu
MPI proc 259 host: c455-001.stampede2.tacc.utexas.edu
MPI proc 260 host: c455-001.stampede2.tacc.utexas.edu
MPI proc 261 host: c455-001.stampede2.tacc.utexas.edu
MPI proc 262 host: c455-001.stampede2.tacc.utexas.edu
MPI proc 263 host: c455-001.stampede2.tacc.utexas.edu
MPI proc 264 host: c455-001.stampede2.tacc.utexas.edu
MPI proc 265 host: c455-001.stampede2.tacc.utexas.edu
MPI proc 266 host: c455-001.stampede2.tacc.utexas.edu
MPI proc 267 host: c455-001.stampede2.tacc.utexas.edu
MPI proc 268 host: c455-001.stampede2.tacc.utexas.edu
MPI proc 269 host: c455-001.stampede2.tacc.utexas.edu
MPI proc 270 host: c455-001.stampede2.tacc.utexas.edu
MPI proc 271 host: c455-001.stampede2.tacc.utexas.edu
MPI Point-to-point test:
 # Processes  | Message Size | Total Size   | Time         | B/s
            4              8             16   +1.44111e-05   +1.11026e+06
            4             64            128   +1.89145e-05   +6.76728e+06
            4            512           1024   +1.93119e-05   +5.30243e+07
            4           4096           8192   +2.49015e-05   +3.28976e+08
            4          32768          65536   +3.98159e-05   +1.64598e+09
            4         262144         524288   +2.32061e-04   +2.25927e+09
            4        2097152        4194304   +1.31700e-03   +3.18475e+09
            4       16777216       33554432   +9.27567e-03   +3.61747e+09
           16              8             64   +1.33779e-05   +4.78400e+06
           16             64            512   +1.87026e-05   +2.73759e+07
           16            512           4096   +1.45700e-05   +2.81125e+08
           16           4096          32768   +1.70072e-05   +1.92671e+09
           16          32768         262144   +4.27564e-05   +6.13111e+09
           16         262144        2097152   +3.42687e-04   +6.11973e+09
           16        2097152       16777216   +4.00978e-03   +4.18408e+09
           16       16777216      134217728   +2.85459e-02   +4.70182e+09
           64              8            256   +1.58946e-05   +1.61061e+07
           64             64           2048   +1.13911e-05   +1.79789e+08
           64            512          16384   +1.43581e-05   +1.14110e+09
           64           4096         131072   +2.08749e-05   +6.27894e+09
           64          32768        1048576   +4.08490e-05   +2.56695e+10
           64         262144        8388608   +5.07752e-04   +1.65211e+10
           64        2097152       67108864   +1.72421e-02   +3.89214e+09
           64       16777216      536870912   +2.71606e-01   +1.97665e+09
          256              8           1024   +1.79079e-05   +5.71815e+07
          256             64           8192   +1.71132e-05   +4.78696e+08
          256            512          65536   +1.39872e-05   +4.68542e+09
          256           4096         524288   +2.30206e-05   +2.27747e+10
          256          32768        4194304   +4.20147e-05   +9.98296e+10
          256         262144       33554432   +1.43687e-03   +2.33525e+10
          256        2097152      268435456   +1.98384e-01   +1.35311e+09
          256       16777216     2147483648   +3.11245e+00   +6.89965e+08
MPI One-to-all broadcast test:
 # Processes  | Message Size | Total Size   | Time         | B/s
            4              8             24   +1.12587e-05   +2.13169e+06
            4             64            192   +8.90096e-06   +2.15707e+07
            4            512           1536   +1.63979e-05   +9.36705e+07
            4           4096          12288   +2.17491e-05   +5.64990e+08
            4          32768          98304   +3.11004e-05   +3.16086e+09
            4         262144         786432   +2.01623e-04   +3.90051e+09
            4        2097152        6291456   +2.98100e-03   +2.11052e+09
            4       16777216       50331648   +2.06227e-02   +2.44060e+09
           16              8            120   +1.59332e-03   +7.53142e+04
           16             64            960   +2.01861e-05   +4.75575e+07
           16            512           7680   +2.24113e-05   +3.42684e+08
           16           4096          61440   +2.75771e-05   +2.22794e+09
           16          32768         491520   +4.25445e-05   +1.15531e+10
           16         262144        3932160   +1.94187e-03   +2.02494e+09
           16        2097152       31457280   +6.55018e-03   +4.80251e+09
           16       16777216      251658240   +4.29486e-02   +5.85953e+09
           64              8            504   +3.21865e-05   +1.56587e+07
           64             64           4032   +3.18686e-05   +1.26519e+08
           64            512          32256   +4.22531e-05   +7.63400e+08
           64           4096         258048   +7.96636e-04   +3.23922e+08
           64          32768        2064384   +1.48145e-03   +1.39349e+09
           64         262144       16515072   +1.97985e-03   +8.34156e+09
           64        2097152      132120576   +4.34724e-03   +3.03918e+10
           64       16777216     1056964608   +4.23943e-02   +2.49318e+10
          256              8           2040   +4.13259e-05   +4.93637e+07
          256             64          16320   +4.86904e-05   +3.35179e+08
          256            512         130560   +5.63727e-05   +2.31601e+09
          256           4096        1044480   +6.93268e-05   +1.50660e+10
          256          32768        8355840   +1.63918e-03   +5.09757e+09
          256         262144       66846720   +1.37218e-03   +4.87158e+10
          256        2097152      534773760   +7.97200e-03   +6.70815e+10
          256       16777216     4278190080   +4.49411e-02   +9.51954e+10
MPI One-to-all scatter test:
 # Processes  | Message Size | Total Size   | Time         | B/s
            4              8             24   +1.91000e-05   +1.25655e+06
            4             64            192   +1.35899e-05   +1.41282e+07
            4            512           1536   +1.62390e-05   +9.45874e+07
            4           4096          12288   +2.53783e-05   +4.84193e+08
            4          32768          98304   +7.64529e-05   +1.28581e+09
           16              8            120   +3.16302e-05   +3.79384e+06
           16             64            960   +3.73522e-05   +2.57013e+07
           16            512           7680   +3.63456e-05   +2.11305e+08
           16           4096          61440   +6.25451e-05   +9.82331e+08
           16          32768         491520   +2.71665e-04   +1.80929e+09
           64              8            504   +6.11146e-05   +8.24680e+06
           64             64           4032   +5.44124e-05   +7.41007e+07
           64            512          32256   +6.96447e-05   +4.63151e+08
           64           4096         258048   +2.58313e-04   +9.98973e+08
           64          32768        2064384   +9.15156e-04   +2.25577e+09
          256              8           2040   +7.44131e-05   +2.74145e+07
          256             64          16320   +6.23332e-05   +2.61819e+08
          256            512         130560   +3.31667e-04   +3.93648e+08
          256           4096        1044480   +1.34500e-03   +7.76566e+08
          256          32768        8355840   +7.34475e-03   +1.13766e+09
MPI All-to-one reduce test:
 # Processes  | Message Size | Total Size   | Time         | B/s
            4              8             24   +1.43316e-05   +1.67462e+06
            4             64            192   +1.42786e-05   +1.34467e+07
            4            512           1536   +2.00801e-05   +7.64935e+07
            4           4096          12288   +2.48485e-05   +4.94516e+08
            4          32768          98304   +1.96619e-03   +4.99973e+07
            4         262144         786432   +1.97159e-03   +3.98882e+08
            4        2097152        6291456   +1.10237e-02   +5.70723e+08
            4       16777216       50331648   +3.97563e-02   +1.26600e+09
           16              8            120   +1.98417e-05   +6.04786e+06
           16             64            960   +1.94444e-05   +4.93716e+07
           16            512           7680   +3.85973e-05   +1.98978e+08
           16           4096          61440   +5.15779e-05   +1.19121e+09
           16          32768         491520   +2.74552e-04   +1.79026e+09
           16         262144        3932160   +3.39545e-03   +1.15807e+09
           16        2097152       31457280   +1.60205e-02   +1.96356e+09
           16       16777216      251658240   +9.11971e-02   +2.75950e+09
           64              8            504   +3.41468e-05   +1.47598e+07
           64             64           4032   +3.87563e-05   +1.04035e+08
           64            512          32256   +4.65446e-05   +6.93013e+08
           64           4096         258048   +6.94593e-05   +3.71510e+09
           64          32768        2064384   +3.76516e-04   +5.48286e+09
           64         262144       16515072   +6.71856e-03   +2.45813e+09
           64        2097152      132120576   +2.03944e-02   +6.47828e+09
           64       16777216     1056964608   +9.13998e-02   +1.15642e+10
          256              8           2040   +5.87040e-05   +3.47506e+07
          256             64          16320   +5.21077e-05   +3.13197e+08
          256            512         130560   +7.78304e-05   +1.67749e+09
          256           4096        1044480   +9.11289e-05   +1.14616e+10
          256          32768        8355840   +3.95531e-03   +2.11256e+09
          256         262144       66846720   +1.67957e-02   +3.97999e+09
          256        2097152      534773760   +3.05231e-02   +1.75203e+10
          256       16777216     4278190080   +9.52720e-02   +4.49050e+10
MPI All-to-one gather test:
 # Processes  | Message Size | Total Size   | Time         | B/s
            4              8             24   +2.01331e-05   +1.19207e+06
            4             64            192   +1.79609e-05   +1.06899e+07
            4            512           1536   +2.17756e-05   +7.05378e+07
            4           4096          12288   +1.85966e-05   +6.60764e+08
            4          32768          98304   +5.32203e-05   +1.84711e+09
           16              8            120   +3.29547e-05   +3.64136e+06
           16             64            960   +3.22395e-05   +2.97771e+07
           16            512           7680   +3.79615e-05   +2.02310e+08
           16           4096          61440   +8.42412e-05   +7.29334e+08
           16          32768         491520   +2.80645e-04   +1.75139e+09
           64              8            504   +6.05318e-05   +8.32620e+06
           64             64           4032   +4.59883e-05   +8.76745e+07
           64            512          32256   +6.66777e-05   +4.83760e+08
           64           4096         258048   +3.05229e-04   +8.45425e+08
           64          32768        2064384   +2.36164e-03   +8.74131e+08
          256              8           2040   +6.62274e-05   +3.08030e+07
          256             64          16320   +7.93139e-05   +2.05765e+08
          256            512         130560   +1.80668e-04   +7.22650e+08
          256           4096        1044480   +2.35332e-03   +4.43832e+08
          256          32768        8355840   +8.67065e-03   +9.63693e+08
MPI All-to-all reduce test:
 # Processes  | Message Size | Total Size   | Time         | B/s
            4              8             48   +1.61860e-05   +2.96553e+06
            4             64            384   +1.61860e-05   +2.37242e+07
            4            512           3072   +2.41068e-05   +1.27433e+08
            4           4096          24576   +2.92990e-05   +8.38800e+08
            4          32768         196608   +9.75397e-05   +2.01567e+09
            4         262144        1572864   +1.43221e-03   +1.09821e+09
            4        2097152       12582912   +6.05130e-03   +2.07937e+09
            4       16777216      100663296   +5.97595e-02   +1.68447e+09
           16              8            240   +2.29941e-05   +1.04374e+07
           16             64           1920   +3.97364e-05   +4.83184e+07
           16            512          15360   +3.64251e-05   +4.21688e+08
           16           4096         122880   +6.63598e-05   +1.85172e+09
           16          32768         983040   +2.57810e-04   +3.81304e+09
           16         262144        7864320   +1.37684e-03   +5.71186e+09
           16        2097152       62914560   +8.54471e-03   +7.36298e+09
           16       16777216      503316480   +8.07514e-02   +6.23291e+09
           64              8           1008   +4.78692e-05   +2.10574e+07
           64             64           8064   +4.40015e-05   +1.83267e+08
           64            512          64512   +5.13660e-05   +1.25593e+09
           64           4096         516096   +9.65595e-05   +5.34485e+09
           64          32768        4128768   +3.12699e-04   +1.32036e+10
           64         262144       33030144   +4.25461e-03   +7.76338e+09
           64        2097152      264241152   +1.70101e-02   +1.55343e+10
           64       16777216     2113929216   +1.33359e-01   +1.58514e+10
          256              8           4080   +5.20282e-05   +7.84190e+07
          256             64          32640   +9.45912e-04   +3.45064e+07
          256            512         261120   +8.32876e-05   +3.13516e+09
          256           4096        2088960   +1.40031e-04   +1.49178e+10
          256          32768       16711680   +2.09467e-03   +7.97821e+09
          256         262144      133693440   +5.84984e-03   +2.28542e+10
          256        2097152     1069547520   +3.08850e-02   +3.46300e+10
          256       16777216     8556380160   +2.68689e-01   +3.18449e+10
MPI All-to-all gather test:
 # Processes  | Message Size | Total Size   | Time         | B/s
            4              8             96   +1.89940e-05   +5.05422e+06
            4             64            768   +2.13517e-05   +3.59690e+07
            4            512           6144   +2.36829e-05   +2.59428e+08
            4           4096          49152   +2.95109e-05   +1.66555e+09
            4          32768         393216   +1.32879e-04   +2.95921e+09
           16              8           1920   +4.43459e-05   +4.32960e+07
           16             64          15360   +4.92202e-05   +3.12067e+08
           16            512         122880   +6.46909e-05   +1.89949e+09
           16           4096         983040   +1.66204e-04   +5.91465e+09
           16          32768        7864320   +1.63092e-03   +4.82203e+09
           64              8          32256   +6.65188e-05   +4.84916e+08
           64             64         258048   +6.32604e-05   +4.07914e+09
           64            512        2064384   +1.73251e-04   +1.19156e+10
           64           4096       16515072   +1.80737e-03   +9.13762e+09
           64          32768      132120576   +1.18182e-02   +1.11794e+10
          256              8         522240   +1.03659e-04   +5.03805e+09
          256             64        4177920   +4.54585e-04   +9.19063e+09
          256            512       33423360   +2.34270e-03   +1.42670e+10
          256           4096      267386880   +1.06120e-02   +2.51966e+10
          256          32768     2139095040   +5.32523e-02   +4.01691e+10
MPI All-to-all transpose test:
 # Processes  | Message Size | Total Size   | Time         | B/s
            4              8             72   +5.66906e-05   +1.27005e+06
            4             64            576   +5.43329e-05   +1.06013e+07
            4            512           4608   +5.28759e-05   +8.71474e+07
            4           4096          36864   +7.80423e-05   +4.72359e+08
            4          32768         294912   +2.92063e-04   +1.00976e+09
           16              8           1800   +2.93917e-04   +6.12418e+06
           16             64          14400   +2.36167e-04   +6.09738e+07
           16            512         115200   +3.60992e-04   +3.19120e+08
           16           4096         921600   +5.81794e-04   +1.58406e+09
           16          32768        7372800   +4.46492e-03   +1.65127e+09
           64              8          31752   +1.84168e-03   +1.72408e+07
           64             64         254016   +1.63155e-03   +1.55690e+08
           64            512        2032128   +2.70216e-03   +7.52039e+08
           64           4096       16257024   +5.04536e-03   +3.22217e+09
           64          32768      130056192   +1.65134e-02   +7.87578e+09
          256              8         520200   +4.63027e-03   +1.12348e+08
          256             64        4161600   +7.14212e-03   +5.82684e+08
          256            512       33292800   +8.45819e-03   +3.93616e+09
          256           4096      266342400   +1.23937e-02   +2.14901e+10
          256          32768     2130739200   +4.83908e-02   +4.40319e+10
TACC:  Shutdown complete. Exiting. 
Sat Oct 14 00:07:12 CDT 2017
